    1  cc
    2  make
    3  apt install clion
    4  sudo apt install clion
    5  snap install clion
    6  snap install clion --classic
    7  vim
    8  sudo apt install vim
    9  man fork
   10  man pthread
   11  sudo apt get install manpages-posix-dev
   12  sudo apt install manpages-posix-dev
   13  man pthread
   14  man pthreads
   15  exit
   16  pwd
   17  cd ~
   18  cd Desktop/
   19  ls -latr ; mkdir ws1 ; cd ws1
   20  wget -O out.pdf https://tinyurl.com/yy94jltt
   21  ls -latr
   22  history > worksheet1.log
   23  cd Desktop/ws1/
   24  gcc
   25  cd ~
   26  cd Desktop/
   27  ls -latr ; mkdir ws_1 ; cd ws_1
   28  wget -O out.pdf https://tinyurl.com/yy94jltt
   29  ls -latr
   30  history > worksheet1.log
   31  date
   32  pwd
   33  cd ~
   34  cd Desktop/
   35  ls -latr ; mdkir ws2 ; cd ws2
   36  date
   37  pwd
   38  cd ~
   39  cd Desktop/
   40  ls -latr ; mkdir ws2 ; cd ws2
   41  ls -latr
   42  echo $?
   43  man ps
   44  ps aux
   45  top
   46  history > worksheet2.log
   47  head worksheet2.log 
   48  tail worksheet2.log
   49  cat worksheet2.log 
   50  date
   51  pwd
   52  cd ~
   53  cd Desktop/
   54  ls -latr ; mkdir ws2 ; cd ws2
   55  ls -latr
   56  echo $?
   57  man ps
   58  ps aux
   59  top
   60  history > worksheet2.log
