    1  cc
    2  make
    3  apt install clion
    4  sudo apt install clion
    5  snap install clion
    6  snap install clion --classic
    7  vim
    8  sudo apt install vim
    9  man fork
   10  man pthread
   11  sudo apt get install manpages-posix-dev
   12  sudo apt install manpages-posix-dev
   13  man pthread
   14  man pthreads
   15  exit
   16  pwd
   17  cd ~
   18  cd Desktop/
   19  ls -latr ; mkdir ws1 ; cd ws1
   20  wget -O out.pdf https://tinyurl.com/yy94jltt
   21  ls -latr
   22  history > worksheet1.log
   23  cd Desktop/ws1/
   24  gcc
   25  cd ~
   26  cd Desktop/
   27  ls -latr ; mkdir ws_1 ; cd ws_1
   28  wget -O out.pdf https://tinyurl.com/yy94jltt
   29  ls -latr
   30  history > worksheet1.log
   31  date
   32  pwd
   33  cd ~
   34  cd Desktop/
   35  ls -latr ; mdkir ws2 ; cd ws2
   36  date
   37  pwd
   38  cd ~
   39  cd Desktop/
   40  ls -latr ; mkdir ws2 ; cd ws2
   41  ls -latr
   42  echo $?
   43  man ps
   44  ps aux
   45  top
   46  history > worksheet2.log
   47  head worksheet2.log 
   48  tail worksheet2.log
   49  cat worksheet2.log 
   50  date
   51  pwd
   52  cd ~
   53  cd Desktop/
   54  ls -latr ; mkdir ws2 ; cd ws2
   55  ls -latr
   56  echo $?
   57  man ps
   58  ps aux
   59  top
   60  history > worksheet2.log
   61  head worksheet2.log
   62  tail worksheet2.log
   63  cat worksheet2.log 
   64  exit
   65  ls
   66  gcc -o range range.c -Wall -Werror
   67  ./range data.txt
   68  gcc -o range range.c -Wall -Werror
   69  ./range data.txt
   70  gcc -o range range.c -Wall -Werror
   71  ./range data.txt
   72  gcc -o range range.c -Wall -Werror
   73  ./range data.txt
   74  ./range
   75  gcc -o range range.c -Wall -Werror
   76  ./range data.txt
   77  ./range empty.txt
   78  gcc -o range range.c -Wall -Werror
   79  ./range empty.txt
   80  ./range data.txt
   81  gcc -o range range.c -Wall -Werror
   82  ./range data.txt
   83  gcc -o range range.c -Wall -Werror
   84  ./range data.txt
   85  ./range empty.txt
   86  ./range one.txt
   87  gcc -o range range.c -Wall -Werror
   88  ./range data.txt
   89  ./range empty.txt
   90  ./range one.xt
   91  ./range one.txt
   92  gcc -o range range.c -Wall -Werror
   93  ./range i
   94  ./range data.txt
   95  ./range empty.txt
   96  ./range i
   97  ls
   98  cd CLionProjects/
   99  ls
  100  cd cs149hw/
  101  ls
  102  gcc -o range range.c -Wall -Werror
  103  ./range empty.txt
  104  ./range i
  105  ./range data.txt
  106  ls
  107  cd Desktop/
  108  ls
  109  cd hw1
  110  ls
  111  gcc -o range range.c -Wall -Werror
  112  range empty.txt
  113  ./range empty.txt
  114  ./range data.txt
  115  ./range one.txt
  116  ls
  117  cd Desktop/
  118  ls
  119  cd hw1/
  120  ls
  121  gcc -o range range.c -Wall -Werror
  122  ./range data.txt
  123  ./range empty.txt
  124  ./range one.txt
  125  ./range i
  126  ./range si.t dk
  127  ls
  128  cd Desktop/hw1/
  129  ls
  130  gcc -o range range.c -Wall -Werror
  131  ./range data.txt
  132  ./range data.txt empty.txt
  133  ./range empty.txt
  134  ./range i
  135  mkdir ws3
  136  pwd
  137  ls
  138  cd des
  139  cd Desktop/
  140  mkdir ws3
  141  cd ws3
  142  cd Desktop/ws3
  143  wget https://github.com/torvalds/linux/arhive/master.zip
  144  cd Desktop/ws3
  145  wget https://github.com/torvalds/linux/archive/master.zip
  146  unzip master.zip
  147  cd linux-master/
  148  pwd
  149  alias l='ls -latr'
  150  l
  151  find . -name mem.c
  152  find . -name mem.c | xargs head
  153  find . -name mem.c | xargs grep 86
  154  cd ..
  155  history > worksheet3.log
  156  head worksheet3.log
  157  cd Desktop/
  158  mkdir ws3
  159  cd wk3
  160  cd ws3
  161  history > wkst3.log
  162  wget http://www.apuebook.com/src.3e.tar.gz
  163  gunzip src.3e.tar.gz 
  164  tar xvf src.3e.tar 
  165  cd apue.3e/
  166  cd proc
  167  make all
  168  ./fork1
  169  ./fork2
  170  pwd
  171  cd ..
  172  pwd
  173  pstree
  174  ps -a -f -x
  175  ps -a -f -x | more
  176  top
  177  man kill
  178  echo $s
  179  echo $?
  180  echo $$
  181  history > worksheet4.log
